{
  "RSpec": {
    "coverage": {
      "/Users/yanghuian/Project/weeklyChallenge/acebook-team-rocket/spec/controllers/posts_controller_spec.rb": [
        null,
        null,
        1,
        null,
        1,
        1,
        1,
        1,
        1,
        null,
        null,
        null,
        1,
        1,
        1,
        1,
        null,
        null,
        1,
        1,
        1,
        null,
        null,
        null,
        1,
        1,
        1,
        1,
        null,
        null,
        null
      ],
      "/Users/yanghuian/Project/weeklyChallenge/acebook-team-rocket/spec/rails_helper.rb": [
        null,
        null,
        null,
        1,
        1,
        null,
        1,
        1,
        1,
        null,
        null,
        null,
        null,
        null,
        null,
        null,
        null,
        null,
        null,
        null,
        null,
        null,
        null,
        null,
        null,
        null,
        null,
        null,
        1,
        null,
        1,
        null,
        1,
        null,
        null,
        null,
        null,
        1,
        null,
        null,
        null,
        null,
        null,
        null,
        null,
        null,
        null,
        null,
        null,
        null,
        null,
        null,
        1,
        null,
        null,
        1,
        null,
        null,
        null
      ],
      "/Users/yanghuian/Project/weeklyChallenge/acebook-team-rocket/config/environment.rb": [
        null,
        null,
        null,
        1,
        null,
        null,
        1
      ],
      "/Users/yanghuian/Project/weeklyChallenge/acebook-team-rocket/config/application.rb": [
        null,
        null,
        1,
        null,
        1,
        null,
        null,
        null,
        1,
        null,
        1,
        1,
        null,
        1,
        null,
        null,
        null,
        null,
        null,
        null,
        null
      ],
      "/Users/yanghuian/Project/weeklyChallenge/acebook-team-rocket/config/boot.rb": [
        null,
        null,
        1,
        null,
        1
      ],
      "/Users/yanghuian/Project/weeklyChallenge/acebook-team-rocket/config/environments/test.rb": [
        null,
        null,
        1,
        null,
        null,
        null,
        null,
        null,
        null,
        null,
        1,
        null,
        null,
        null,
        null,
        1,
        null,
        null,
        1,
        1,
        null,
        null,
        null,
        null,
        1,
        1,
        null,
        null,
        1,
        null,
        null,
        1,
        1,
        null,
        null,
        null,
        null,
        1,
        null,
        null,
        1,
        null,
        null,
        null,
        null
      ],
      "/Users/yanghuian/Project/weeklyChallenge/acebook-team-rocket/config/initializers/application_controller_renderer.rb": [
        null,
        null,
        null,
        null,
        null,
        null,
        null,
        null
      ],
      "/Users/yanghuian/Project/weeklyChallenge/acebook-team-rocket/config/initializers/assets.rb": [
        null,
        null,
        null,
        null,
        null,
        1,
        null,
        null,
        null,
        null,
        1,
        null,
        null,
        null,
        null,
        null
      ],
      "/Users/yanghuian/Project/weeklyChallenge/acebook-team-rocket/config/initializers/backtrace_silencers.rb": [
        null,
        null,
        null,
        null,
        null,
        null,
        null,
        null,
        null,
        null,
        null
      ],
      "/Users/yanghuian/Project/weeklyChallenge/acebook-team-rocket/config/initializers/cookies_serializer.rb": [
        null,
        null,
        null,
        null,
        null,
        null,
        1
      ],
      "/Users/yanghuian/Project/weeklyChallenge/acebook-team-rocket/config/initializers/filter_parameter_logging.rb": [
        null,
        null,
        null,
        null,
        null,
        1
      ],
      "/Users/yanghuian/Project/weeklyChallenge/acebook-team-rocket/config/initializers/inflections.rb": [
        null,
        null,
        null,
        null,
        null,
        null,
        null,
        null,
        null,
        null,
        null,
        null,
        null,
        null,
        null,
        null,
        null,
        null
      ],
      "/Users/yanghuian/Project/weeklyChallenge/acebook-team-rocket/config/initializers/mime_types.rb": [
        null,
        null,
        null,
        null,
        null,
        null
      ],
      "/Users/yanghuian/Project/weeklyChallenge/acebook-team-rocket/config/initializers/wrap_parameters.rb": [
        null,
        null,
        null,
        null,
        null,
        null,
        null,
        null,
        1,
        2,
        null,
        null,
        null,
        null,
        null,
        null
      ],
      "/Users/yanghuian/Project/weeklyChallenge/acebook-team-rocket/config/routes.rb": [
        null,
        null,
        1,
        null,
        null,
        1,
        null,
        1,
        null,
        1,
        1,
        null
      ],
      "/Users/yanghuian/Project/weeklyChallenge/acebook-team-rocket/app/helpers/application_helper.rb": [
        null,
        null,
        1,
        null
      ],
      "/Users/yanghuian/Project/weeklyChallenge/acebook-team-rocket/app/helpers/users_helper.rb": [
        null,
        null,
        1,
        null
      ],
      "/Users/yanghuian/Project/weeklyChallenge/acebook-team-rocket/app/helpers/welcome_helper.rb": [
        null,
        null,
        1,
        null
      ],
      "/Users/yanghuian/Project/weeklyChallenge/acebook-team-rocket/app/controllers/posts_controller.rb": [
        null,
        null,
        1,
        1,
        2,
        null,
        null,
        1,
        3,
        3,
        null,
        null,
        1,
        4,
        null,
        null,
        1,
        null,
        1,
        3,
        null,
        null
      ],
      "/Users/yanghuian/Project/weeklyChallenge/acebook-team-rocket/app/controllers/application_controller.rb": [
        null,
        null,
        1,
        1,
        null
      ],
      "/Users/yanghuian/Project/weeklyChallenge/acebook-team-rocket/spec/controllers/users_controller_spec.rb": [
        null,
        null,
        1,
        null,
        1,
        1,
        1,
        1,
        1,
        null,
        null,
        null,
        1,
        1,
        1,
        null,
        null,
        null,
        null,
        null,
        1,
        null,
        null,
        1,
        1,
        null,
        null,
        null,
        null,
        null,
        1,
        null,
        null,
        null
      ],
      "/Users/yanghuian/Project/weeklyChallenge/acebook-team-rocket/app/controllers/users_controller.rb": [
        null,
        null,
        1,
        1,
        null,
        null,
        null,
        1,
        3,
        null,
        null,
        1,
        4,
        4,
        null,
        4,
        3,
        3,
        null,
        1,
        1,
        null,
        null,
        null,
        1,
        null,
        1,
        4,
        null,
        null,
        null,
        null,
        null,
        null,
        null
      ],
      "/Users/yanghuian/Project/weeklyChallenge/acebook-team-rocket/spec/controllers/welcome_controller_spec.rb": [
        null,
        null,
        1,
        null,
        1,
        1,
        1,
        1,
        1,
        null,
        null,
        null
      ],
      "/Users/yanghuian/Project/weeklyChallenge/acebook-team-rocket/app/controllers/welcome_controller.rb": [
        null,
        null,
        1,
        1,
        null
      ],
      "/Users/yanghuian/Project/weeklyChallenge/acebook-team-rocket/spec/features/user_can_sign_up_spec.rb": [
        null,
        null,
        1,
        null,
        1,
        1,
        1,
        1,
        1,
        1,
        1,
        1,
        1,
        null,
        1,
        1,
        null,
        null,
        1,
        1,
        1,
        1,
        1,
        1,
        1,
        1,
        null,
        1,
        1,
        null,
        null
      ],
      "/Users/yanghuian/Project/weeklyChallenge/acebook-team-rocket/spec/features/user_can_submit_posts_spec.rb": [
        null,
        null,
        1,
        null,
        1,
        1,
        1,
        1,
        1,
        1,
        1,
        null,
        null
      ],
      "/Users/yanghuian/Project/weeklyChallenge/acebook-team-rocket/spec/features/user_can_visit_home_page_spec.rb": [
        null,
        null,
        1,
        null,
        1,
        1,
        1,
        1,
        null,
        null
      ],
      "/Users/yanghuian/Project/weeklyChallenge/acebook-team-rocket/spec/helpers/users_helper_spec.rb": [
        null,
        null,
        1,
        null,
        1,
        null
      ],
      "/Users/yanghuian/Project/weeklyChallenge/acebook-team-rocket/spec/helpers/welcome_helper_spec.rb": [
        null,
        null,
        1,
        null,
        1,
        null
      ],
      "/Users/yanghuian/Project/weeklyChallenge/acebook-team-rocket/spec/models/post_spec.rb": [
        null,
        null,
        1,
        null,
        1,
        2,
        null
      ],
      "/Users/yanghuian/Project/weeklyChallenge/acebook-team-rocket/app/models/post.rb": [
        null,
        null,
        1,
        null
      ],
      "/Users/yanghuian/Project/weeklyChallenge/acebook-team-rocket/app/models/application_record.rb": [
        null,
        null,
        1,
        1,
        null
      ],
      "/Users/yanghuian/Project/weeklyChallenge/acebook-team-rocket/spec/models/user_spec.rb": [
        null,
        null,
        1,
        null,
        1,
        2,
        null
      ],
      "/Users/yanghuian/Project/weeklyChallenge/acebook-team-rocket/app/models/user.rb": [
        null,
        null,
        1,
        1,
        null,
        1,
        null
      ]
    },
    "timestamp": 1548933690
  }
}
